[0.132s] DEBUG:colcon:Command line arguments: ['/usr/bin/colcon', 'build', '--packages-select', 'FArobot']
[0.132s] DEBUG:colcon:Parsed command line arguments: Namespace(log_base=None, log_level=None, verb_name='build', build_base='build', install_base='install', merge_install=False, symlink_install=False, test_result_base=None, continue_on_error=False, executor='parallel', parallel_workers=16, event_handlers=None, ignore_user_meta=False, metas=['./colcon.meta'], base_paths=['.'], packages_ignore=None, packages_ignore_regex=None, paths=None, packages_up_to=None, packages_up_to_regex=None, packages_above=None, packages_above_and_dependencies=None, packages_above_depth=None, packages_select_by_dep=None, packages_skip_by_dep=None, packages_skip_up_to=None, packages_select_build_failed=False, packages_skip_build_finished=False, packages_select_test_failures=False, packages_skip_test_passed=False, packages_select=['FArobot'], packages_skip=None, packages_select_regex=None, packages_skip_regex=None, packages_start=None, packages_end=None, allow_overriding=[], cmake_args=None, cmake_target=None, cmake_target_skip_unavailable=False, cmake_clean_cache=False, cmake_clean_first=False, cmake_force_configure=False, ament_cmake_args=None, catkin_cmake_args=None, catkin_skip_building_tests=False, mixin_files=None, mixin=None, verb_parser=<colcon_mixin.mixin.mixin_argument.MixinArgumentDecorator object at 0x74a86154e7d0>, verb_extension=<colcon_core.verb.build.BuildVerb object at 0x74a86154e260>, main=<bound method BuildVerb.main of <colcon_core.verb.build.BuildVerb object at 0x74a86154e260>>, mixin_verb=('build',))
[0.430s] Level 1:colcon.colcon_core.package_discovery:discover_packages(colcon_meta) check parameters
[0.430s] Level 1:colcon.colcon_core.package_discovery:discover_packages(recursive) check parameters
[0.430s] Level 1:colcon.colcon_core.package_discovery:discover_packages(ignore) check parameters
[0.430s] Level 1:colcon.colcon_core.package_discovery:discover_packages(path) check parameters
[0.430s] Level 1:colcon.colcon_core.package_discovery:discover_packages(colcon_meta) discover
[0.430s] Level 1:colcon.colcon_core.package_discovery:discover_packages(recursive) discover
[0.430s] INFO:colcon.colcon_core.package_discovery:Crawling recursively for packages in '/home/monkorusan/ros2_ws/src/FArobot'
[0.431s] Level 1:colcon.colcon_core.package_identification:_identify(.) by extensions ['ignore', 'ignore_ament_install']
[0.431s] Level 1:colcon.colcon_core.package_identification:_identify(.) by extension 'ignore'
[0.431s] Level 1:colcon.colcon_core.package_identification:_identify(.) by extension 'ignore_ament_install'
[0.431s] Level 1:colcon.colcon_core.package_identification:_identify(.) by extensions ['colcon_pkg']
[0.431s] Level 1:colcon.colcon_core.package_identification:_identify(.) by extension 'colcon_pkg'
[0.431s] Level 1:colcon.colcon_core.package_identification:_identify(.) by extensions ['colcon_meta']
[0.431s] Level 1:colcon.colcon_core.package_identification:_identify(.) by extension 'colcon_meta'
[0.431s] Level 1:colcon.colcon_core.package_identification:_identify(.) by extensions ['ros']
[0.431s] Level 1:colcon.colcon_core.package_identification:_identify(.) by extension 'ros'
[0.457s] DEBUG:colcon.colcon_core.package_identification:Package '.' with type 'ros.ament_python' and name 'FArobot'
[0.457s] Level 1:colcon.colcon_core.package_discovery:discover_packages(recursive) using defaults
[0.457s] Level 1:colcon.colcon_core.package_discovery:discover_packages(ignore) discover
[0.457s] Level 1:colcon.colcon_core.package_discovery:discover_packages(ignore) using defaults
[0.457s] Level 1:colcon.colcon_core.package_discovery:discover_packages(path) discover
[0.457s] Level 1:colcon.colcon_core.package_discovery:discover_packages(path) using defaults
[0.479s] Level 1:colcon.colcon_core.package_discovery:discover_packages(prefix_path) check parameters
[0.479s] Level 1:colcon.colcon_core.package_discovery:discover_packages(prefix_path) discover
[0.482s] DEBUG:colcon.colcon_installed_package_information.package_discovery:Found 1 installed packages in /home/monkorusan/ros2_ws/src/FArobot/install
[0.483s] DEBUG:colcon.colcon_installed_package_information.package_discovery:Found 19 installed packages in /home/monkorusan/ros2_ws/install
[0.486s] DEBUG:colcon.colcon_installed_package_information.package_discovery:Found 519 installed packages in /opt/ros/humble
[0.488s] Level 1:colcon.colcon_core.package_discovery:discover_packages(prefix_path) using defaults
[0.552s] Level 5:colcon.colcon_core.verb:set package 'FArobot' build argument 'cmake_args' from command line to 'None'
[0.552s] Level 5:colcon.colcon_core.verb:set package 'FArobot' build argument 'cmake_target' from command line to 'None'
[0.552s] Level 5:colcon.colcon_core.verb:set package 'FArobot' build argument 'cmake_target_skip_unavailable' from command line to 'False'
[0.552s] Level 5:colcon.colcon_core.verb:set package 'FArobot' build argument 'cmake_clean_cache' from command line to 'False'
[0.552s] Level 5:colcon.colcon_core.verb:set package 'FArobot' build argument 'cmake_clean_first' from command line to 'False'
[0.552s] Level 5:colcon.colcon_core.verb:set package 'FArobot' build argument 'cmake_force_configure' from command line to 'False'
[0.552s] Level 5:colcon.colcon_core.verb:set package 'FArobot' build argument 'ament_cmake_args' from command line to 'None'
[0.552s] Level 5:colcon.colcon_core.verb:set package 'FArobot' build argument 'catkin_cmake_args' from command line to 'None'
[0.552s] Level 5:colcon.colcon_core.verb:set package 'FArobot' build argument 'catkin_skip_building_tests' from command line to 'False'
[0.552s] DEBUG:colcon.colcon_core.verb:Building package 'FArobot' with the following arguments: {'ament_cmake_args': None, 'build_base': '/home/monkorusan/ros2_ws/src/FArobot/build/FArobot', 'catkin_cmake_args': None, 'catkin_skip_building_tests': False, 'cmake_args': None, 'cmake_clean_cache': False, 'cmake_clean_first': False, 'cmake_force_configure': False, 'cmake_target': None, 'cmake_target_skip_unavailable': False, 'install_base': '/home/monkorusan/ros2_ws/src/FArobot/install/FArobot', 'merge_install': False, 'path': '/home/monkorusan/ros2_ws/src/FArobot', 'symlink_install': False, 'test_result_base': None}
[0.553s] INFO:colcon.colcon_core.executor:Executing jobs using 'parallel' executor
[0.554s] DEBUG:colcon.colcon_parallel_executor.executor.parallel:run_until_complete
[0.554s] INFO:colcon.colcon_ros.task.ament_python.build:Building ROS package in '/home/monkorusan/ros2_ws/src/FArobot' with build type 'ament_python'
[0.554s] Level 1:colcon.colcon_core.shell:create_environment_hook('FArobot', 'ament_prefix_path')
[0.557s] INFO:colcon.colcon_core.plugin_system:Skipping extension 'colcon_core.shell.bat': Not used on non-Windows systems
[0.557s] INFO:colcon.colcon_core.shell:Creating environment hook '/home/monkorusan/ros2_ws/src/FArobot/install/FArobot/share/FArobot/hook/ament_prefix_path.ps1'
[0.557s] INFO:colcon.colcon_core.shell:Creating environment descriptor '/home/monkorusan/ros2_ws/src/FArobot/install/FArobot/share/FArobot/hook/ament_prefix_path.dsv'
[0.558s] INFO:colcon.colcon_core.shell:Creating environment hook '/home/monkorusan/ros2_ws/src/FArobot/install/FArobot/share/FArobot/hook/ament_prefix_path.sh'
[0.559s] INFO:colcon.colcon_core.shell:Skip shell extension 'powershell' for command environment: Not usable outside of PowerShell
[0.559s] DEBUG:colcon.colcon_core.shell:Skip shell extension 'dsv' for command environment
[0.936s] INFO:colcon.colcon_core.task.python.build:Building Python package in '/home/monkorusan/ros2_ws/src/FArobot'
[0.937s] INFO:colcon.colcon_core.shell:Skip shell extension 'powershell' for command environment: Not usable outside of PowerShell
[0.937s] DEBUG:colcon.colcon_core.shell:Skip shell extension 'dsv' for command environment
[1.329s] DEBUG:colcon.colcon_core.event_handler.log_command:Invoking command in '/home/monkorusan/ros2_ws/src/FArobot': PYTHONPATH=/home/monkorusan/ros2_ws/src/FArobot/build/FArobot/prefix_override:/usr/lib/python3/dist-packages/colcon_core/task/python/colcon_distutils_commands:/home/monkorusan/ros2_ws/src/FArobot/install/FArobot/lib/python3.10/site-packages:${PYTHONPATH} /usr/bin/python3 -W ignore:setup.py install is deprecated -W ignore:easy_install command is deprecated setup.py egg_info --egg-base build/FArobot build --build-base /home/monkorusan/ros2_ws/src/FArobot/build/FArobot/build install --record /home/monkorusan/ros2_ws/src/FArobot/build/FArobot/install.log --single-version-externally-managed install_data
[1.629s] DEBUG:colcon.colcon_core.event_handler.log_command:Invoked command in '/home/monkorusan/ros2_ws/src/FArobot' returned '0': PYTHONPATH=/home/monkorusan/ros2_ws/src/FArobot/build/FArobot/prefix_override:/usr/lib/python3/dist-packages/colcon_core/task/python/colcon_distutils_commands:/home/monkorusan/ros2_ws/src/FArobot/install/FArobot/lib/python3.10/site-packages:${PYTHONPATH} /usr/bin/python3 -W ignore:setup.py install is deprecated -W ignore:easy_install command is deprecated setup.py egg_info --egg-base build/FArobot build --build-base /home/monkorusan/ros2_ws/src/FArobot/build/FArobot/build install --record /home/monkorusan/ros2_ws/src/FArobot/build/FArobot/install.log --single-version-externally-managed install_data
[1.631s] Level 1:colcon.colcon_core.environment:checking '/home/monkorusan/ros2_ws/src/FArobot/install/FArobot' for CMake module files
[1.631s] Level 1:colcon.colcon_core.environment:checking '/home/monkorusan/ros2_ws/src/FArobot/install/FArobot' for CMake config files
[1.632s] Level 1:colcon.colcon_core.environment:checking '/home/monkorusan/ros2_ws/src/FArobot/install/FArobot/lib'
[1.632s] Level 1:colcon.colcon_core.environment:checking '/home/monkorusan/ros2_ws/src/FArobot/install/FArobot/bin'
[1.632s] Level 1:colcon.colcon_core.environment:checking '/home/monkorusan/ros2_ws/src/FArobot/install/FArobot/lib/pkgconfig/FArobot.pc'
[1.632s] Level 1:colcon.colcon_core.environment:checking '/home/monkorusan/ros2_ws/src/FArobot/install/FArobot/lib/python3.10/site-packages'
[1.632s] Level 1:colcon.colcon_core.shell:create_environment_hook('FArobot', 'pythonpath')
[1.633s] INFO:colcon.colcon_core.shell:Creating environment hook '/home/monkorusan/ros2_ws/src/FArobot/install/FArobot/share/FArobot/hook/pythonpath.ps1'
[1.633s] INFO:colcon.colcon_core.shell:Creating environment descriptor '/home/monkorusan/ros2_ws/src/FArobot/install/FArobot/share/FArobot/hook/pythonpath.dsv'
[1.633s] INFO:colcon.colcon_core.shell:Creating environment hook '/home/monkorusan/ros2_ws/src/FArobot/install/FArobot/share/FArobot/hook/pythonpath.sh'
[1.634s] Level 1:colcon.colcon_core.environment:checking '/home/monkorusan/ros2_ws/src/FArobot/install/FArobot/bin'
[1.634s] Level 1:colcon.colcon_core.environment:create_environment_scripts_only(FArobot)
[1.634s] INFO:colcon.colcon_core.shell:Creating package script '/home/monkorusan/ros2_ws/src/FArobot/install/FArobot/share/FArobot/package.ps1'
[1.635s] INFO:colcon.colcon_core.shell:Creating package descriptor '/home/monkorusan/ros2_ws/src/FArobot/install/FArobot/share/FArobot/package.dsv'
[1.635s] INFO:colcon.colcon_core.shell:Creating package script '/home/monkorusan/ros2_ws/src/FArobot/install/FArobot/share/FArobot/package.sh'
[1.636s] INFO:colcon.colcon_core.shell:Creating package script '/home/monkorusan/ros2_ws/src/FArobot/install/FArobot/share/FArobot/package.bash'
[1.636s] INFO:colcon.colcon_core.shell:Creating package script '/home/monkorusan/ros2_ws/src/FArobot/install/FArobot/share/FArobot/package.zsh'
[1.636s] Level 1:colcon.colcon_core.environment:create_file_with_runtime_dependencies(/home/monkorusan/ros2_ws/src/FArobot/install/FArobot/share/colcon-core/packages/FArobot)
[1.637s] DEBUG:colcon.colcon_parallel_executor.executor.parallel:closing loop
[1.637s] DEBUG:colcon.colcon_parallel_executor.executor.parallel:loop closed
[1.637s] DEBUG:colcon.colcon_parallel_executor.executor.parallel:run_until_complete finished with '0'
[1.637s] DEBUG:colcon.colcon_core.event_reactor:joining thread
[1.641s] INFO:colcon.colcon_core.plugin_system:Skipping extension 'colcon_notification.desktop_notification.terminal_notifier': Not used on non-Darwin systems
[1.641s] INFO:colcon.colcon_core.plugin_system:Skipping extension 'colcon_notification.desktop_notification.win32': Not used on non-Windows systems
[1.641s] INFO:colcon.colcon_notification.desktop_notification:Sending desktop notification using 'notify2'
[1.650s] DEBUG:colcon.colcon_core.event_reactor:joined thread
[1.651s] INFO:colcon.colcon_core.shell:Creating prefix script '/home/monkorusan/ros2_ws/src/FArobot/install/local_setup.ps1'
[1.652s] INFO:colcon.colcon_core.shell:Creating prefix util module '/home/monkorusan/ros2_ws/src/FArobot/install/_local_setup_util_ps1.py'
[1.653s] INFO:colcon.colcon_core.shell:Creating prefix chain script '/home/monkorusan/ros2_ws/src/FArobot/install/setup.ps1'
[1.654s] INFO:colcon.colcon_core.shell:Creating prefix script '/home/monkorusan/ros2_ws/src/FArobot/install/local_setup.sh'
[1.655s] INFO:colcon.colcon_core.shell:Creating prefix util module '/home/monkorusan/ros2_ws/src/FArobot/install/_local_setup_util_sh.py'
[1.655s] INFO:colcon.colcon_core.shell:Creating prefix chain script '/home/monkorusan/ros2_ws/src/FArobot/install/setup.sh'
[1.656s] INFO:colcon.colcon_core.shell:Creating prefix script '/home/monkorusan/ros2_ws/src/FArobot/install/local_setup.bash'
[1.657s] INFO:colcon.colcon_core.shell:Creating prefix chain script '/home/monkorusan/ros2_ws/src/FArobot/install/setup.bash'
[1.658s] INFO:colcon.colcon_core.shell:Creating prefix script '/home/monkorusan/ros2_ws/src/FArobot/install/local_setup.zsh'
[1.658s] INFO:colcon.colcon_core.shell:Creating prefix chain script '/home/monkorusan/ros2_ws/src/FArobot/install/setup.zsh'
