/home/monkorusan/ros2_ws/src/FArobot/install/FArobot/lib/python3.10/site-packages/FArobot/__init__.py
/home/monkorusan/ros2_ws/src/FArobot/install/FArobot/lib/python3.10/site-packages/FArobot/packing.py
/home/monkorusan/ros2_ws/src/FArobot/install/FArobot/lib/python3.10/site-packages/FArobot/packing_demo_node.py
/home/monkorusan/ros2_ws/src/FArobot/install/FArobot/lib/python3.10/site-packages/FArobot/__pycache__/__init__.cpython-310.pyc
/home/monkorusan/ros2_ws/src/FArobot/install/FArobot/lib/python3.10/site-packages/FArobot/__pycache__/packing.cpython-310.pyc
/home/monkorusan/ros2_ws/src/FArobot/install/FArobot/lib/python3.10/site-packages/FArobot/__pycache__/packing_demo_node.cpython-310.pyc
/home/monkorusan/ros2_ws/src/FArobot/install/FArobot/share/ament_index/resource_index/packages/FArobot
/home/monkorusan/ros2_ws/src/FArobot/install/FArobot/share/FArobot/package.xml
/home/monkorusan/ros2_ws/src/FArobot/install/FArobot/share/FArobot/config/boxes.yaml
/home/monkorusan/ros2_ws/src/FArobot/install/FArobot/share/FArobot/config/packing_demo.rviz
/home/monkorusan/ros2_ws/src/FArobot/install/FArobot/share/FArobot/launch/packing_demo.launch.py
/home/monkorusan/ros2_ws/src/FArobot/install/FArobot/share/FArobot/launch/packing_demo_ur5e_moveit.launch.py
/home/monkorusan/ros2_ws/src/FArobot/install/FArobot/lib/python3.10/site-packages/FArobot-0.0.0-py3.10.egg-info/dependency_links.txt
/home/monkorusan/ros2_ws/src/FArobot/install/FArobot/lib/python3.10/site-packages/FArobot-0.0.0-py3.10.egg-info/entry_points.txt
/home/monkorusan/ros2_ws/src/FArobot/install/FArobot/lib/python3.10/site-packages/FArobot-0.0.0-py3.10.egg-info/top_level.txt
/home/monkorusan/ros2_ws/src/FArobot/install/FArobot/lib/python3.10/site-packages/FArobot-0.0.0-py3.10.egg-info/requires.txt
/home/monkorusan/ros2_ws/src/FArobot/install/FArobot/lib/python3.10/site-packages/FArobot-0.0.0-py3.10.egg-info/zip-safe
/home/monkorusan/ros2_ws/src/FArobot/install/FArobot/lib/python3.10/site-packages/FArobot-0.0.0-py3.10.egg-info/PKG-INFO
/home/monkorusan/ros2_ws/src/FArobot/install/FArobot/lib/python3.10/site-packages/FArobot-0.0.0-py3.10.egg-info/SOURCES.txt
/home/monkorusan/ros2_ws/src/FArobot/install/FArobot/lib/FArobot/packing_demo_node
