[0.840s] Invoking command in '/home/monkorusan/ros2_ws/src/FArobot': PYTHONPATH=/home/monkorusan/ros2_ws/src/FArobot/build/FArobot/prefix_override:/usr/lib/python3/dist-packages/colcon_core/task/python/colcon_distutils_commands:/home/monkorusan/ros2_ws/src/FArobot/install/FArobot/lib/python3.10/site-packages:${PYTHONPATH} /usr/bin/python3 -W ignore:setup.py install is deprecated -W ignore:easy_install command is deprecated setup.py egg_info --egg-base build/FArobot build --build-base /home/monkorusan/ros2_ws/src/FArobot/build/FArobot/build install --record /home/monkorusan/ros2_ws/src/FArobot/build/FArobot/install.log --single-version-externally-managed install_data
[1.103s] running egg_info
[1.103s] creating build/FArobot/FArobot.egg-info
[1.103s] writing build/FArobot/FArobot.egg-info/PKG-INFO
[1.103s] writing dependency_links to build/FArobot/FArobot.egg-info/dependency_links.txt
[1.103s] writing entry points to build/FArobot/FArobot.egg-info/entry_points.txt
[1.103s] writing requirements to build/FArobot/FArobot.egg-info/requires.txt
[1.103s] writing top-level names to build/FArobot/FArobot.egg-info/top_level.txt
[1.103s] writing manifest file 'build/FArobot/FArobot.egg-info/SOURCES.txt'
[1.105s] reading manifest file 'build/FArobot/FArobot.egg-info/SOURCES.txt'
[1.105s] adding license file 'LICENSE'
[1.105s] writing manifest file 'build/FArobot/FArobot.egg-info/SOURCES.txt'
[1.105s] running build
[1.105s] running build_py
[1.105s] creating /home/monkorusan/ros2_ws/src/FArobot/build/FArobot/build
[1.105s] creating /home/monkorusan/ros2_ws/src/FArobot/build/FArobot/build/lib
[1.106s] creating /home/monkorusan/ros2_ws/src/FArobot/build/FArobot/build/lib/FArobot
[1.106s] copying FArobot/__init__.py -> /home/monkorusan/ros2_ws/src/FArobot/build/FArobot/build/lib/FArobot
[1.106s] copying FArobot/packing.py -> /home/monkorusan/ros2_ws/src/FArobot/build/FArobot/build/lib/FArobot
[1.106s] copying FArobot/packing_demo_node.py -> /home/monkorusan/ros2_ws/src/FArobot/build/FArobot/build/lib/FArobot
[1.106s] running install
[1.106s] running install_lib
[1.106s] creating /home/monkorusan/ros2_ws/src/FArobot/install/FArobot/lib/python3.10/site-packages/FArobot
[1.106s] copying /home/monkorusan/ros2_ws/src/FArobot/build/FArobot/build/lib/FArobot/__init__.py -> /home/monkorusan/ros2_ws/src/FArobot/install/FArobot/lib/python3.10/site-packages/FArobot
[1.107s] copying /home/monkorusan/ros2_ws/src/FArobot/build/FArobot/build/lib/FArobot/packing.py -> /home/monkorusan/ros2_ws/src/FArobot/install/FArobot/lib/python3.10/site-packages/FArobot
[1.107s] copying /home/monkorusan/ros2_ws/src/FArobot/build/FArobot/build/lib/FArobot/packing_demo_node.py -> /home/monkorusan/ros2_ws/src/FArobot/install/FArobot/lib/python3.10/site-packages/FArobot
[1.107s] byte-compiling /home/monkorusan/ros2_ws/src/FArobot/install/FArobot/lib/python3.10/site-packages/FArobot/__init__.py to __init__.cpython-310.pyc
[1.107s] byte-compiling /home/monkorusan/ros2_ws/src/FArobot/install/FArobot/lib/python3.10/site-packages/FArobot/packing.py to packing.cpython-310.pyc
[1.108s] byte-compiling /home/monkorusan/ros2_ws/src/FArobot/install/FArobot/lib/python3.10/site-packages/FArobot/packing_demo_node.py to packing_demo_node.cpython-310.pyc
[1.109s] running install_data
[1.109s] creating /home/monkorusan/ros2_ws/src/FArobot/install/FArobot/share/ament_index
[1.109s] creating /home/monkorusan/ros2_ws/src/FArobot/install/FArobot/share/ament_index/resource_index
[1.109s] creating /home/monkorusan/ros2_ws/src/FArobot/install/FArobot/share/ament_index/resource_index/packages
[1.109s] copying resource/FArobot -> /home/monkorusan/ros2_ws/src/FArobot/install/FArobot/share/ament_index/resource_index/packages
[1.109s] copying package.xml -> /home/monkorusan/ros2_ws/src/FArobot/install/FArobot/share/FArobot
[1.109s] creating /home/monkorusan/ros2_ws/src/FArobot/install/FArobot/share/FArobot/config
[1.109s] copying config/boxes.yaml -> /home/monkorusan/ros2_ws/src/FArobot/install/FArobot/share/FArobot/config
[1.109s] creating /home/monkorusan/ros2_ws/src/FArobot/install/FArobot/share/FArobot/launch
[1.109s] copying launch/packing_demo.launch.py -> /home/monkorusan/ros2_ws/src/FArobot/install/FArobot/share/FArobot/launch
[1.109s] running install_egg_info
[1.110s] Copying build/FArobot/FArobot.egg-info to /home/monkorusan/ros2_ws/src/FArobot/install/FArobot/lib/python3.10/site-packages/FArobot-0.0.0-py3.10.egg-info
[1.111s] running install_scripts
[1.126s] Installing packing_demo_node script to /home/monkorusan/ros2_ws/src/FArobot/install/FArobot/lib/FArobot
[1.126s] writing list of installed files to '/home/monkorusan/ros2_ws/src/FArobot/build/FArobot/install.log'
[1.144s] Invoked command in '/home/monkorusan/ros2_ws/src/FArobot' returned '0': PYTHONPATH=/home/monkorusan/ros2_ws/src/FArobot/build/FArobot/prefix_override:/usr/lib/python3/dist-packages/colcon_core/task/python/colcon_distutils_commands:/home/monkorusan/ros2_ws/src/FArobot/install/FArobot/lib/python3.10/site-packages:${PYTHONPATH} /usr/bin/python3 -W ignore:setup.py install is deprecated -W ignore:easy_install command is deprecated setup.py egg_info --egg-base build/FArobot build --build-base /home/monkorusan/ros2_ws/src/FArobot/build/FArobot/build install --record /home/monkorusan/ros2_ws/src/FArobot/build/FArobot/install.log --single-version-externally-managed install_data
